<?xml version="1.0" encoding="UTF-8"?>
<testsuite name="TestCases" tests="12" skipped="0" failures="2" errors="0" timestamp="2022-10-31T16:41:14" hostname="DESKTOP-IOT5E1Q" time="387.442">
  <properties/>
  <testcase name="invalidPhoneNumber" classname="TestCases" time="32.436"/>
  <testcase name="emptySubject" classname="TestCases" time="22.957"/>
  <testcase name="invalidDOB" classname="TestCases" time="24.883"/>
  <testcase name="validData" classname="TestCases" time="56.447">
    <failure message="java.lang.AssertionError" type="java.lang.AssertionError">java.lang.AssertionError
	at org.junit.Assert.fail(Assert.java:87)
	at org.junit.Assert.assertTrue(Assert.java:42)
	at org.junit.Assert.assertTrue(Assert.java:53)
	at TestCases.validData(TestCases.java:111)
	at sun.reflect.NativeMethodAccessorImpl.invoke0(Native Method)
	at sun.reflect.NativeMethodAccessorImpl.invoke(NativeMethodAccessorImpl.java:62)
	at sun.reflect.DelegatingMethodAccessorImpl.invoke(DelegatingMethodAccessorImpl.java:43)
	at java.lang.reflect.Method.invoke(Method.java:498)
	at org.junit.runners.model.FrameworkMethod$1.runReflectiveCall(FrameworkMethod.java:59)
	at org.junit.internal.runners.model.ReflectiveCallable.run(ReflectiveCallable.java:12)
	at org.junit.runners.model.FrameworkMethod.invokeExplosively(FrameworkMethod.java:56)
	at org.junit.internal.runners.statements.InvokeMethod.evaluate(InvokeMethod.java:17)
	at org.junit.internal.runners.statements.RunBefores.evaluate(RunBefores.java:26)
	at org.junit.internal.runners.statements.RunAfters.evaluate(RunAfters.java:27)
	at org.junit.runners.ParentRunner$3.evaluate(ParentRunner.java:306)
	at org.junit.runners.BlockJUnit4ClassRunner$1.evaluate(BlockJUnit4ClassRunner.java:100)
	at org.junit.runners.ParentRunner.runLeaf(ParentRunner.java:366)
	at org.junit.runners.BlockJUnit4ClassRunner.runChild(BlockJUnit4ClassRunner.java:103)
	at org.junit.runners.BlockJUnit4ClassRunner.runChild(BlockJUnit4ClassRunner.java:63)
	at org.junit.runners.ParentRunner$4.run(ParentRunner.java:331)
	at org.junit.runners.ParentRunner$1.schedule(ParentRunner.java:79)
	at org.junit.runners.ParentRunner.runChildren(ParentRunner.java:329)
	at org.junit.runners.ParentRunner.access$100(ParentRunner.java:66)
	at org.junit.runners.ParentRunner$2.evaluate(ParentRunner.java:293)
	at org.junit.runners.ParentRunner$3.evaluate(ParentRunner.java:306)
	at org.junit.runners.ParentRunner.run(ParentRunner.java:413)
	at org.gradle.api.internal.tasks.testing.junit.JUnitTestClassExecutor.runTestClass(JUnitTestClassExecutor.java:110)
	at org.gradle.api.internal.tasks.testing.junit.JUnitTestClassExecutor.execute(JUnitTestClassExecutor.java:58)
	at org.gradle.api.internal.tasks.testing.junit.JUnitTestClassExecutor.execute(JUnitTestClassExecutor.java:38)
	at org.gradle.api.internal.tasks.testing.junit.AbstractJUnitTestClassProcessor.processTestClass(AbstractJUnitTestClassProcessor.java:62)
	at org.gradle.api.internal.tasks.testing.SuiteTestClassProcessor.processTestClass(SuiteTestClassProcessor.java:51)
	at sun.reflect.NativeMethodAccessorImpl.invoke0(Native Method)
	at sun.reflect.NativeMethodAccessorImpl.invoke(NativeMethodAccessorImpl.java:62)
	at sun.reflect.DelegatingMethodAccessorImpl.invoke(DelegatingMethodAccessorImpl.java:43)
	at java.lang.reflect.Method.invoke(Method.java:498)
	at org.gradle.internal.dispatch.ReflectionDispatch.dispatch(ReflectionDispatch.java:36)
	at org.gradle.internal.dispatch.ReflectionDispatch.dispatch(ReflectionDispatch.java:24)
	at org.gradle.internal.dispatch.ContextClassLoaderDispatch.dispatch(ContextClassLoaderDispatch.java:33)
	at org.gradle.internal.dispatch.ProxyDispatchAdapter$DispatchingInvocationHandler.invoke(ProxyDispatchAdapter.java:94)
	at com.sun.proxy.$Proxy2.processTestClass(Unknown Source)
	at org.gradle.api.internal.tasks.testing.worker.TestWorker$2.run(TestWorker.java:176)
	at org.gradle.api.internal.tasks.testing.worker.TestWorker.executeAndMaintainThreadName(TestWorker.java:129)
	at org.gradle.api.internal.tasks.testing.worker.TestWorker.execute(TestWorker.java:100)
	at org.gradle.api.internal.tasks.testing.worker.TestWorker.execute(TestWorker.java:60)
	at org.gradle.process.internal.worker.child.ActionExecutionWorker.execute(ActionExecutionWorker.java:56)
	at org.gradle.process.internal.worker.child.SystemApplicationClassLoaderWorker.call(SystemApplicationClassLoaderWorker.java:133)
	at org.gradle.process.internal.worker.child.SystemApplicationClassLoaderWorker.call(SystemApplicationClassLoaderWorker.java:71)
	at worker.org.gradle.process.internal.worker.GradleWorkerMain.run(GradleWorkerMain.java:69)
	at worker.org.gradle.process.internal.worker.GradleWorkerMain.main(GradleWorkerMain.java:74)
</failure>
  </testcase>
  <testcase name="invalidFile" classname="TestCases" time="63.291"/>
  <testcase name="nullPhoneNumber" classname="TestCases" time="24.575"/>
  <testcase name="emptyLastName" classname="TestCases" time="22.899">
    <failure message="java.lang.AssertionError" type="java.lang.AssertionError">java.lang.AssertionError
	at org.junit.Assert.fail(Assert.java:87)
	at org.junit.Assert.assertTrue(Assert.java:42)
	at org.junit.Assert.assertTrue(Assert.java:53)
	at TestCases.emptyLastName(TestCases.java:278)
	at sun.reflect.NativeMethodAccessorImpl.invoke0(Native Method)
	at sun.reflect.NativeMethodAccessorImpl.invoke(NativeMethodAccessorImpl.java:62)
	at sun.reflect.DelegatingMethodAccessorImpl.invoke(DelegatingMethodAccessorImpl.java:43)
	at java.lang.reflect.Method.invoke(Method.java:498)
	at org.junit.runners.model.FrameworkMethod$1.runReflectiveCall(FrameworkMethod.java:59)
	at org.junit.internal.runners.model.ReflectiveCallable.run(ReflectiveCallable.java:12)
	at org.junit.runners.model.FrameworkMethod.invokeExplosively(FrameworkMethod.java:56)
	at org.junit.internal.runners.statements.InvokeMethod.evaluate(InvokeMethod.java:17)
	at org.junit.internal.runners.statements.RunBefores.evaluate(RunBefores.java:26)
	at org.junit.internal.runners.statements.RunAfters.evaluate(RunAfters.java:27)
	at org.junit.runners.ParentRunner$3.evaluate(ParentRunner.java:306)
	at org.junit.runners.BlockJUnit4ClassRunner$1.evaluate(BlockJUnit4ClassRunner.java:100)
	at org.junit.runners.ParentRunner.runLeaf(ParentRunner.java:366)
	at org.junit.runners.BlockJUnit4ClassRunner.runChild(BlockJUnit4ClassRunner.java:103)
	at org.junit.runners.BlockJUnit4ClassRunner.runChild(BlockJUnit4ClassRunner.java:63)
	at org.junit.runners.ParentRunner$4.run(ParentRunner.java:331)
	at org.junit.runners.ParentRunner$1.schedule(ParentRunner.java:79)
	at org.junit.runners.ParentRunner.runChildren(ParentRunner.java:329)
	at org.junit.runners.ParentRunner.access$100(ParentRunner.java:66)
	at org.junit.runners.ParentRunner$2.evaluate(ParentRunner.java:293)
	at org.junit.runners.ParentRunner$3.evaluate(ParentRunner.java:306)
	at org.junit.runners.ParentRunner.run(ParentRunner.java:413)
	at org.gradle.api.internal.tasks.testing.junit.JUnitTestClassExecutor.runTestClass(JUnitTestClassExecutor.java:110)
	at org.gradle.api.internal.tasks.testing.junit.JUnitTestClassExecutor.execute(JUnitTestClassExecutor.java:58)
	at org.gradle.api.internal.tasks.testing.junit.JUnitTestClassExecutor.execute(JUnitTestClassExecutor.java:38)
	at org.gradle.api.internal.tasks.testing.junit.AbstractJUnitTestClassProcessor.processTestClass(AbstractJUnitTestClassProcessor.java:62)
	at org.gradle.api.internal.tasks.testing.SuiteTestClassProcessor.processTestClass(SuiteTestClassProcessor.java:51)
	at sun.reflect.NativeMethodAccessorImpl.invoke0(Native Method)
	at sun.reflect.NativeMethodAccessorImpl.invoke(NativeMethodAccessorImpl.java:62)
	at sun.reflect.DelegatingMethodAccessorImpl.invoke(DelegatingMethodAccessorImpl.java:43)
	at java.lang.reflect.Method.invoke(Method.java:498)
	at org.gradle.internal.dispatch.ReflectionDispatch.dispatch(ReflectionDispatch.java:36)
	at org.gradle.internal.dispatch.ReflectionDispatch.dispatch(ReflectionDispatch.java:24)
	at org.gradle.internal.dispatch.ContextClassLoaderDispatch.dispatch(ContextClassLoaderDispatch.java:33)
	at org.gradle.internal.dispatch.ProxyDispatchAdapter$DispatchingInvocationHandler.invoke(ProxyDispatchAdapter.java:94)
	at com.sun.proxy.$Proxy2.processTestClass(Unknown Source)
	at org.gradle.api.internal.tasks.testing.worker.TestWorker$2.run(TestWorker.java:176)
	at org.gradle.api.internal.tasks.testing.worker.TestWorker.executeAndMaintainThreadName(TestWorker.java:129)
	at org.gradle.api.internal.tasks.testing.worker.TestWorker.execute(TestWorker.java:100)
	at org.gradle.api.internal.tasks.testing.worker.TestWorker.execute(TestWorker.java:60)
	at org.gradle.process.internal.worker.child.ActionExecutionWorker.execute(ActionExecutionWorker.java:56)
	at org.gradle.process.internal.worker.child.SystemApplicationClassLoaderWorker.call(SystemApplicationClassLoaderWorker.java:133)
	at org.gradle.process.internal.worker.child.SystemApplicationClassLoaderWorker.call(SystemApplicationClassLoaderWorker.java:71)
	at worker.org.gradle.process.internal.worker.GradleWorkerMain.run(GradleWorkerMain.java:69)
	at worker.org.gradle.process.internal.worker.GradleWorkerMain.main(GradleWorkerMain.java:74)
</failure>
  </testcase>
  <testcase name="noGender" classname="TestCases" time="28.147"/>
  <testcase name="invalidEmail" classname="TestCases" time="29.179"/>
  <testcase name="NoStateCity" classname="TestCases" time="36.833"/>
  <testcase name="emptyFirstName" classname="TestCases" time="22.183"/>
  <testcase name="noHobby" classname="TestCases" time="23.611"/>
  <system-out><![CDATA[rgb(206, 212, 218)
rgb(206,
01 January,3598
rgb(206, 211, 217)
rgb(206,
rgb(206, 211, 218)
rgb(206, 212
rgb(220, 53, 69)
rgb(220, 53
rgb(206, 212, 218)
rgb(206, 212
rgb(206, 212, 218)
rgb(206, 212
]]></system-out>
  <system-err><![CDATA[SLF4J: Failed to load class "org.slf4j.impl.StaticLoggerBinder".
SLF4J: Defaulting to no-operation (NOP) logger implementation
SLF4J: See http://www.slf4j.org/codes.html#StaticLoggerBinder for further details.
1667234478023	geckodriver	INFO	Listening on 127.0.0.1:5087
1667234480124	mozrunner::runner	INFO	Running command: "C:\\Program Files\\Mozilla Firefox\\firefox.exe" "--marionette" "--remote-debugging-port" "47177" "--remote-allow-hosts" "localhost" "--remote-allow-origins" "http://127.0.0.1:47177/,http://localhost:47177/,http://[::1]:47177/" "-no-remote" "-profile" "C:\\Users\\dell\\AppData\\Local\\Temp\\rust_mozprofileNFlinN"
1667234481131	Marionette	INFO	Marionette enabled
1667234481143	Marionette	INFO	Listening on port 1484
Read port: 1484
WebDriver BiDi listening on ws://127.0.0.1:47177
1667234481396	RemoteAgent	WARN	TLS certificate errors will be ignored for this session
console.warn: SearchSettings: "get: No settings file exists, new profile?" (new NotFoundError("Could not open the file at C:\\Users\\dell\\AppData\\Local\\Temp\\rust_mozprofileNFlinN\\search.json.mozlz4", (void 0)))
DevTools listening on ws://127.0.0.1:47177/devtools/browser/d21a9140-88a0-4fe8-8720-13863a43a83b
1667234494392	Marionette	WARN	Ignoring event 'pageshow' because document has an invalid readyState of 'uninitialized'.
1667234494531	Marionette	WARN	Ignoring event 'pageshow' because document has an invalid readyState of 'uninitialized'.
JavaScript error: https://cdn.ad.plus/player/adplus.js, line 402: TypeError: e(...).setup is not a function
JavaScript warning: https://pagead2.googlesyndication.com/bg/vLbRz7g6TQ5oo3iSl-9A8cc-tNTKSUSKynQIdvKxkcY.js line 2 > eval line 3547 > eval line 1 > eval line 1 > eval, line 1: WEBGL_debug_renderer_info is deprecated in Firefox and will be removed. Please use RENDERER.
1667234497981	Marionette	WARN	TimedPromise timed out after 500 ms: stacktrace:
TimedPromise/<@chrome://remote/content/marionette/sync.js:236:24
TimedPromise@chrome://remote/content/marionette/sync.js:221:10
interaction.flushEventLoop@chrome://remote/content/marionette/interaction.js:431:10
webdriverClickElement@chrome://remote/content/marionette/interaction.js:179:31
1667234501168	Marionette	INFO	Stopped listening on port 1484
[Parent 2528, IPC I/O Parent] WARNING: DuplicateHandle failed for handle 0 in TransferHandles: file /builds/worker/checkouts/gecko/ipc/chromium/src/chrome/common/ipc_channel_win.cc:723
JavaScript error: resource://gre/modules/Sqlite.jsm, line 1108: Error: Sqlite.jsm has been shutdown. Cannot open connection to: C:\Users\dell\AppData\Local\Temp\rust_mozprofileNFlinN\protections.sqlite
1667234506692	geckodriver	INFO	Listening on 127.0.0.1:25195
1667234507167	mozrunner::runner	INFO	Running command: "C:\\Program Files\\Mozilla Firefox\\firefox.exe" "--marionette" "--remote-debugging-port" "6645" "--remote-allow-hosts" "localhost" "--remote-allow-origins" "http://127.0.0.1:6645/,http://localhost:6645/,http://[::1]:6645/" "-no-remote" "-profile" "C:\\Users\\dell\\AppData\\Local\\Temp\\rust_mozprofileSViNyt"
1667234510067	Marionette	INFO	Marionette enabled
1667234510078	Marionette	INFO	Listening on port 1644
Read port: 1644
WebDriver BiDi listening on ws://127.0.0.1:6645
1667234510252	RemoteAgent	WARN	TLS certificate errors will be ignored for this session
console.warn: SearchSettings: "get: No settings file exists, new profile?" (new NotFoundError("Could not open the file at C:\\Users\\dell\\AppData\\Local\\Temp\\rust_mozprofileSViNyt\\search.json.mozlz4", (void 0)))
DevTools listening on ws://127.0.0.1:6645/devtools/browser/cd74e2b6-f03f-46cd-949b-33523d22397a
JavaScript error: https://cdn.ad.plus/player/adplus.js, line 402: TypeError: e(...).setup is not a function
JavaScript warning: https://pagead2.googlesyndication.com/bg/vLbRz7g6TQ5oo3iSl-9A8cc-tNTKSUSKynQIdvKxkcY.js line 2 > eval line 3322 > eval line 1 > eval line 1 > eval, line 1: WEBGL_debug_renderer_info is deprecated in Firefox and will be removed. Please use RENDERER.
console.warn: LoginRecipes: "Falling back to a synchronous message for: https://demoqa.com."
1667234523869	Marionette	INFO	Stopped listening on port 1644
!!! error running onStopped callback: TypeError: callback is not a function
JavaScript error: , line 0: TypeError: NetworkError when attempting to fetch resource.
JavaScript error: resource://gre/modules/Sqlite.jsm, line 1108: Error: Sqlite.jsm has been shutdown. Cannot open connection to: C:\Users\dell\AppData\Local\Temp\rust_mozprofileSViNyt\protections.sqlite
1667234529631	geckodriver	INFO	Listening on 127.0.0.1:11171
1667234530094	mozrunner::runner	INFO	Running command: "C:\\Program Files\\Mozilla Firefox\\firefox.exe" "--marionette" "--remote-debugging-port" "4437" "--remote-allow-hosts" "localhost" "--remote-allow-origins" "http://127.0.0.1:4437/,http://localhost:4437/,http://[::1]:4437/" "-no-remote" "-profile" "C:\\Users\\dell\\AppData\\Local\\Temp\\rust_mozprofileLv3ULT"
1667234530742	Marionette	INFO	Marionette enabled
1667234530750	Marionette	INFO	Listening on port 1763
Read port: 1763
WebDriver BiDi listening on ws://127.0.0.1:4437
1667234530968	RemoteAgent	WARN	TLS certificate errors will be ignored for this session
console.warn: SearchSettings: "get: No settings file exists, new profile?" (new NotFoundError("Could not open the file at C:\\Users\\dell\\AppData\\Local\\Temp\\rust_mozprofileLv3ULT\\search.json.mozlz4", (void 0)))
DevTools listening on ws://127.0.0.1:4437/devtools/browser/96b0be47-684d-4b92-b83b-9a6cabbb8229
1667234539052	Marionette	WARN	Ignoring event 'pageshow' because document has an invalid readyState of 'uninitialized'.
1667234539151	Marionette	WARN	Ignoring event 'pageshow' because document has an invalid readyState of 'uninitialized'.
JavaScript error: https://cdn.ad.plus/player/adplus.js, line 402: TypeError: e(...).setup is not a function
JavaScript warning: https://pagead2.googlesyndication.com/bg/vLbRz7g6TQ5oo3iSl-9A8cc-tNTKSUSKynQIdvKxkcY.js line 2 > eval line 2804 > eval line 1 > eval line 1 > eval, line 1: WEBGL_debug_renderer_info is deprecated in Firefox and will be removed. Please use RENDERER.
1667234543380	Marionette	WARN	TimedPromise timed out after 500 ms: stacktrace:
TimedPromise/<@chrome://remote/content/marionette/sync.js:236:24
TimedPromise@chrome://remote/content/marionette/sync.js:221:10
interaction.flushEventLoop@chrome://remote/content/marionette/interaction.js:431:10
webdriverClickElement@chrome://remote/content/marionette/interaction.js:179:31
1667234544568	Marionette	WARN	TimedPromise timed out after 500 ms: stacktrace:
TimedPromise/<@chrome://remote/content/marionette/sync.js:236:24
TimedPromise@chrome://remote/content/marionette/sync.js:221:10
interaction.flushEventLoop@chrome://remote/content/marionette/interaction.js:431:10
webdriverClickElement@chrome://remote/content/marionette/interaction.js:179:31
1667234545762	Marionette	WARN	TimedPromise timed out after 500 ms: stacktrace:
TimedPromise/<@chrome://remote/content/marionette/sync.js:236:24
TimedPromise@chrome://remote/content/marionette/sync.js:221:10
interaction.flushEventLoop@chrome://remote/content/marionette/interaction.js:431:10
webdriverClickElement@chrome://remote/content/marionette/interaction.js:179:31
console.warn: LoginRecipes: "Falling back to a synchronous message for: https://demoqa.com."
1667234548981	Marionette	INFO	Stopped listening on port 1763
!!! error running onStopped callback: TypeError: callback is not a function
JavaScript error: resource://gre/modules/Sqlite.jsm, line 1108: Error: Sqlite.jsm has been shutdown. Cannot open connection to: C:\Users\dell\AppData\Local\Temp\rust_mozprofileLv3ULT\protections.sqlite
1667234554485	geckodriver	INFO	Listening on 127.0.0.1:7260
1667234554977	mozrunner::runner	INFO	Running command: "C:\\Program Files\\Mozilla Firefox\\firefox.exe" "--marionette" "--remote-debugging-port" "25096" "--remote-allow-hosts" "localhost" "--remote-allow-origins" "http://127.0.0.1:25096/,http://localhost:25096/,http://[::1]:25096/" "-no-remote" "-profile" "C:\\Users\\dell\\AppData\\Local\\Temp\\rust_mozprofilefXBeNi"
1667234555481	Marionette	INFO	Marionette enabled
1667234555490	Marionette	INFO	Listening on port 1931
Read port: 1931
WebDriver BiDi listening on ws://127.0.0.1:25096
1667234555679	RemoteAgent	WARN	TLS certificate errors will be ignored for this session
console.warn: SearchSettings: "get: No settings file exists, new profile?" (new NotFoundError("Could not open the file at C:\\Users\\dell\\AppData\\Local\\Temp\\rust_mozprofilefXBeNi\\search.json.mozlz4", (void 0)))
DevTools listening on ws://127.0.0.1:25096/devtools/browser/be654930-7700-4dc7-b886-cad36f8d227e
JavaScript error: https://cdn.ad.plus/player/adplus.js, line 402: TypeError: e(...).setup is not a function
JavaScript warning: https://pagead2.googlesyndication.com/bg/vLbRz7g6TQ5oo3iSl-9A8cc-tNTKSUSKynQIdvKxkcY.js line 2 > eval line 1421 > eval line 1 > eval line 1 > eval, line 1: WEBGL_debug_renderer_info is deprecated in Firefox and will be removed. Please use RENDERER.
1667234600814	Marionette	WARN	TimedPromise timed out after 500 ms: stacktrace:
TimedPromise/<@chrome://remote/content/marionette/sync.js:236:24
TimedPromise@chrome://remote/content/marionette/sync.js:221:10
interaction.flushEventLoop@chrome://remote/content/marionette/interaction.js:431:10
webdriverClickElement@chrome://remote/content/marionette/interaction.js:179:31
1667234602090	Marionette	WARN	TimedPromise timed out after 500 ms: stacktrace:
TimedPromise/<@chrome://remote/content/marionette/sync.js:236:24
TimedPromise@chrome://remote/content/marionette/sync.js:221:10
interaction.flushEventLoop@chrome://remote/content/marionette/interaction.js:431:10
webdriverClickElement@chrome://remote/content/marionette/interaction.js:179:31
1667234603718	Marionette	WARN	TimedPromise timed out after 500 ms: stacktrace:
TimedPromise/<@chrome://remote/content/marionette/sync.js:236:24
TimedPromise@chrome://remote/content/marionette/sync.js:221:10
interaction.flushEventLoop@chrome://remote/content/marionette/interaction.js:431:10
webdriverClickElement@chrome://remote/content/marionette/interaction.js:179:31
console.warn: LoginRecipes: "Falling back to a synchronous message for: https://demoqa.com."
1667234605290	Marionette	INFO	Stopped listening on port 1931
JavaScript error: resource://gre/modules/Sqlite.jsm, line 1108: Error: Sqlite.jsm has been shutdown. Cannot open connection to: C:\Users\dell\AppData\Local\Temp\rust_mozprofilefXBeNi\protections.sqlite
1667234610963	geckodriver	INFO	Listening on 127.0.0.1:3082
1667234611429	mozrunner::runner	INFO	Running command: "C:\\Program Files\\Mozilla Firefox\\firefox.exe" "--marionette" "--remote-debugging-port" "20647" "--remote-allow-hosts" "localhost" "--remote-allow-origins" "http://127.0.0.1:20647/,http://localhost:20647/,http://[::1]:20647/" "-no-remote" "-profile" "C:\\Users\\dell\\AppData\\Local\\Temp\\rust_mozprofile2oBLXa"
1667234612224	Marionette	INFO	Marionette enabled
1667234612234	Marionette	INFO	Listening on port 2223
Read port: 2223
WebDriver BiDi listening on ws://127.0.0.1:20647
1667234612478	RemoteAgent	WARN	TLS certificate errors will be ignored for this session
console.warn: SearchSettings: "get: No settings file exists, new profile?" (new NotFoundError("Could not open the file at C:\\Users\\dell\\AppData\\Local\\Temp\\rust_mozprofile2oBLXa\\search.json.mozlz4", (void 0)))
DevTools listening on ws://127.0.0.1:20647/devtools/browser/7296ee8a-1094-46ae-8617-429113a4293a
JavaScript error: https://cdn.ad.plus/player/adplus.js, line 402: TypeError: e(...).setup is not a function
JavaScript warning: https://pagead2.googlesyndication.com/bg/vLbRz7g6TQ5oo3iSl-9A8cc-tNTKSUSKynQIdvKxkcY.js line 2 > eval line 2769 > eval line 1 > eval line 1 > eval, line 1: WEBGL_debug_renderer_info is deprecated in Firefox and will be removed. Please use RENDERER.
1667234664029	Marionette	WARN	TimedPromise timed out after 500 ms: stacktrace:
TimedPromise/<@chrome://remote/content/marionette/sync.js:236:24
TimedPromise@chrome://remote/content/marionette/sync.js:221:10
interaction.flushEventLoop@chrome://remote/content/marionette/interaction.js:431:10
webdriverClickElement@chrome://remote/content/marionette/interaction.js:179:31
1667234665146	Marionette	WARN	TimedPromise timed out after 500 ms: stacktrace:
TimedPromise/<@chrome://remote/content/marionette/sync.js:236:24
TimedPromise@chrome://remote/content/marionette/sync.js:221:10
interaction.flushEventLoop@chrome://remote/content/marionette/interaction.js:431:10
webdriverClickElement@chrome://remote/content/marionette/interaction.js:179:31
1667234665924	Marionette	WARN	TimedPromise timed out after 500 ms: stacktrace:
TimedPromise/<@chrome://remote/content/marionette/sync.js:236:24
TimedPromise@chrome://remote/content/marionette/sync.js:221:10
interaction.flushEventLoop@chrome://remote/content/marionette/interaction.js:431:10
webdriverClickElement@chrome://remote/content/marionette/interaction.js:179:31
1667234666694	Marionette	WARN	TimedPromise timed out after 500 ms: stacktrace:
TimedPromise/<@chrome://remote/content/marionette/sync.js:236:24
TimedPromise@chrome://remote/content/marionette/sync.js:221:10
interaction.flushEventLoop@chrome://remote/content/marionette/interaction.js:431:10
webdriverClickElement@chrome://remote/content/marionette/interaction.js:179:31
1667234667459	Marionette	WARN	TimedPromise timed out after 500 ms: stacktrace:
TimedPromise/<@chrome://remote/content/marionette/sync.js:236:24
TimedPromise@chrome://remote/content/marionette/sync.js:221:10
interaction.flushEventLoop@chrome://remote/content/marionette/interaction.js:431:10
webdriverClickElement@chrome://remote/content/marionette/interaction.js:179:31
console.warn: LoginRecipes: "Falling back to a synchronous message for: https://demoqa.com."
1667234668810	Marionette	INFO	Stopped listening on port 2223
!!! error running onStopped callback: TypeError: callback is not a function
JavaScript error: resource://gre/modules/Sqlite.jsm, line 1108: Error: Sqlite.jsm has been shutdown. Cannot open connection to: C:\Users\dell\AppData\Local\Temp\rust_mozprofile2oBLXa\protections.sqlite
1667234674218	geckodriver	INFO	Listening on 127.0.0.1:30909
1667234674695	mozrunner::runner	INFO	Running command: "C:\\Program Files\\Mozilla Firefox\\firefox.exe" "--marionette" "--remote-debugging-port" "23037" "--remote-allow-hosts" "localhost" "--remote-allow-origins" "http://127.0.0.1:23037/,http://localhost:23037/,http://[::1]:23037/" "-no-remote" "-profile" "C:\\Users\\dell\\AppData\\Local\\Temp\\rust_mozprofileLB0Hbc"
1667234675162	Marionette	INFO	Marionette enabled
1667234675169	Marionette	INFO	Listening on port 2491
Read port: 2491
WebDriver BiDi listening on ws://127.0.0.1:23037
1667234675335	RemoteAgent	WARN	TLS certificate errors will be ignored for this session
console.warn: SearchSettings: "get: No settings file exists, new profile?" (new NotFoundError("Could not open the file at C:\\Users\\dell\\AppData\\Local\\Temp\\rust_mozprofileLB0Hbc\\search.json.mozlz4", (void 0)))
DevTools listening on ws://127.0.0.1:23037/devtools/browser/6c3d975e-1704-4471-b050-c8c695b34eb9
1667234685940	Marionette	WARN	Ignoring event 'pageshow' because document has an invalid readyState of 'uninitialized'.
1667234686151	Marionette	WARN	Ignoring event 'pageshow' because document has an invalid readyState of 'uninitialized'.
JavaScript error: https://cdn.ad.plus/player/adplus.js, line 402: TypeError: e(...).setup is not a function
1667234689382	Marionette	WARN	TimedPromise timed out after 500 ms: stacktrace:
TimedPromise/<@chrome://remote/content/marionette/sync.js:236:24
TimedPromise@chrome://remote/content/marionette/sync.js:221:10
interaction.flushEventLoop@chrome://remote/content/marionette/interaction.js:431:10
webdriverClickElement@chrome://remote/content/marionette/interaction.js:179:31
1667234690513	Marionette	WARN	TimedPromise timed out after 500 ms: stacktrace:
TimedPromise/<@chrome://remote/content/marionette/sync.js:236:24
TimedPromise@chrome://remote/content/marionette/sync.js:221:10
interaction.flushEventLoop@chrome://remote/content/marionette/interaction.js:431:10
webdriverClickElement@chrome://remote/content/marionette/interaction.js:179:31
1667234691721	Marionette	WARN	TimedPromise timed out after 500 ms: stacktrace:
TimedPromise/<@chrome://remote/content/marionette/sync.js:236:24
TimedPromise@chrome://remote/content/marionette/sync.js:221:10
interaction.flushEventLoop@chrome://remote/content/marionette/interaction.js:431:10
webdriverClickElement@chrome://remote/content/marionette/interaction.js:179:31
1667234693408	Marionette	INFO	Stopped listening on port 2491
JavaScript error: resource://gre/modules/Sqlite.jsm, line 1108: Error: Sqlite.jsm has been shutdown. Cannot open connection to: C:\Users\dell\AppData\Local\Temp\rust_mozprofileLB0Hbc\protections.sqlite
1667234698799	geckodriver	INFO	Listening on 127.0.0.1:23436
1667234699271	mozrunner::runner	INFO	Running command: "C:\\Program Files\\Mozilla Firefox\\firefox.exe" "--marionette" "--remote-debugging-port" "35613" "--remote-allow-hosts" "localhost" "--remote-allow-origins" "http://127.0.0.1:35613/,http://localhost:35613/,http://[::1]:35613/" "-no-remote" "-profile" "C:\\Users\\dell\\AppData\\Local\\Temp\\rust_mozprofilepNrTkD"
1667234699737	Marionette	INFO	Marionette enabled
1667234699745	Marionette	INFO	Listening on port 2625
Read port: 2625
WebDriver BiDi listening on ws://127.0.0.1:35613
1667234699924	RemoteAgent	WARN	TLS certificate errors will be ignored for this session
console.warn: SearchSettings: "get: No settings file exists, new profile?" (new NotFoundError("Could not open the file at C:\\Users\\dell\\AppData\\Local\\Temp\\rust_mozprofilepNrTkD\\search.json.mozlz4", (void 0)))
DevTools listening on ws://127.0.0.1:35613/devtools/browser/aafc4610-3aa8-47f5-9df8-00596bb16115
JavaScript error: https://cdn.ad.plus/player/adplus.js, line 402: TypeError: e(...).setup is not a function
JavaScript warning: https://pagead2.googlesyndication.com/bg/vLbRz7g6TQ5oo3iSl-9A8cc-tNTKSUSKynQIdvKxkcY.js line 2 > eval line 1827 > eval line 1 > eval line 1 > eval, line 1: WEBGL_debug_renderer_info is deprecated in Firefox and will be removed. Please use RENDERER.
1667234711277	Marionette	WARN	TimedPromise timed out after 500 ms: stacktrace:
TimedPromise/<@chrome://remote/content/marionette/sync.js:236:24
TimedPromise@chrome://remote/content/marionette/sync.js:221:10
interaction.flushEventLoop@chrome://remote/content/marionette/interaction.js:431:10
webdriverClickElement@chrome://remote/content/marionette/interaction.js:179:31
1667234712421	Marionette	WARN	TimedPromise timed out after 500 ms: stacktrace:
TimedPromise/<@chrome://remote/content/marionette/sync.js:236:24
TimedPromise@chrome://remote/content/marionette/sync.js:221:10
interaction.flushEventLoop@chrome://remote/content/marionette/interaction.js:431:10
webdriverClickElement@chrome://remote/content/marionette/interaction.js:179:31
1667234713206	Marionette	WARN	TimedPromise timed out after 500 ms: stacktrace:
TimedPromise/<@chrome://remote/content/marionette/sync.js:236:24
TimedPromise@chrome://remote/content/marionette/sync.js:221:10
interaction.flushEventLoop@chrome://remote/content/marionette/interaction.js:431:10
webdriverClickElement@chrome://remote/content/marionette/interaction.js:179:31
1667234713999	Marionette	WARN	TimedPromise timed out after 500 ms: stacktrace:
TimedPromise/<@chrome://remote/content/marionette/sync.js:236:24
TimedPromise@chrome://remote/content/marionette/sync.js:221:10
interaction.flushEventLoop@chrome://remote/content/marionette/interaction.js:431:10
webdriverClickElement@chrome://remote/content/marionette/interaction.js:179:31
1667234714784	Marionette	WARN	TimedPromise timed out after 500 ms: stacktrace:
TimedPromise/<@chrome://remote/content/marionette/sync.js:236:24
TimedPromise@chrome://remote/content/marionette/sync.js:221:10
interaction.flushEventLoop@chrome://remote/content/marionette/interaction.js:431:10
webdriverClickElement@chrome://remote/content/marionette/interaction.js:179:31
1667234716191	Marionette	INFO	Stopped listening on port 2625
JavaScript error: resource://gre/modules/Sqlite.jsm, line 1108: Error: Sqlite.jsm has been shutdown. Cannot open connection to: C:\Users\dell\AppData\Local\Temp\rust_mozprofilepNrTkD\protections.sqlite
1667234721705	geckodriver	INFO	Listening on 127.0.0.1:4740
1667234722180	mozrunner::runner	INFO	Running command: "C:\\Program Files\\Mozilla Firefox\\firefox.exe" "--marionette" "--remote-debugging-port" "42645" "--remote-allow-hosts" "localhost" "--remote-allow-origins" "http://127.0.0.1:42645/,http://localhost:42645/,http://[::1]:42645/" "-no-remote" "-profile" "C:\\Users\\dell\\AppData\\Local\\Temp\\rust_mozprofileU7d01L"
1667234723656	Marionette	INFO	Marionette enabled
1667234723668	Marionette	INFO	Listening on port 2767
Read port: 2767
WebDriver BiDi listening on ws://127.0.0.1:42645
1667234723836	RemoteAgent	WARN	TLS certificate errors will be ignored for this session
console.warn: SearchSettings: "get: No settings file exists, new profile?" (new NotFoundError("Could not open the file at C:\\Users\\dell\\AppData\\Local\\Temp\\rust_mozprofileU7d01L\\search.json.mozlz4", (void 0)))
DevTools listening on ws://127.0.0.1:42645/devtools/browser/40aae662-d598-431f-89db-220b0e6a5267
1667234735756	Marionette	WARN	Ignoring event 'pageshow' because document has an invalid readyState of 'uninitialized'.
JavaScript error: https://cdn.ad.plus/player/adplus.js, line 402: TypeError: e(...).setup is not a function
JavaScript warning: https://pagead2.googlesyndication.com/bg/vLbRz7g6TQ5oo3iSl-9A8cc-tNTKSUSKynQIdvKxkcY.js line 2 > eval line 5092 > eval line 1 > eval line 1 > eval, line 1: WEBGL_debug_renderer_info is deprecated in Firefox and will be removed. Please use RENDERER.
1667234740717	Marionette	WARN	TimedPromise timed out after 500 ms: stacktrace:
TimedPromise/<@chrome://remote/content/marionette/sync.js:236:24
TimedPromise@chrome://remote/content/marionette/sync.js:221:10
interaction.flushEventLoop@chrome://remote/content/marionette/interaction.js:431:10
webdriverClickElement@chrome://remote/content/marionette/interaction.js:179:31
1667234741939	Marionette	WARN	TimedPromise timed out after 500 ms: stacktrace:
TimedPromise/<@chrome://remote/content/marionette/sync.js:236:24
TimedPromise@chrome://remote/content/marionette/sync.js:221:10
interaction.flushEventLoop@chrome://remote/content/marionette/interaction.js:431:10
webdriverClickElement@chrome://remote/content/marionette/interaction.js:179:31
1667234744349	Marionette	INFO	Stopped listening on port 2767
JavaScript error: resource://gre/modules/Sqlite.jsm, line 1108: Error: Sqlite.jsm has been shutdown. Cannot open connection to: C:\Users\dell\AppData\Local\Temp\rust_mozprofileU7d01L\protections.sqlite
1667234749864	geckodriver	INFO	Listening on 127.0.0.1:15818
1667234750326	mozrunner::runner	INFO	Running command: "C:\\Program Files\\Mozilla Firefox\\firefox.exe" "--marionette" "--remote-debugging-port" "37041" "--remote-allow-hosts" "localhost" "--remote-allow-origins" "http://127.0.0.1:37041/,http://localhost:37041/,http://[::1]:37041/" "-no-remote" "-profile" "C:\\Users\\dell\\AppData\\Local\\Temp\\rust_mozprofileOQkcHc"
1667234751666	Marionette	INFO	Marionette enabled
1667234751674	Marionette	INFO	Listening on port 2936
Read port: 2936
WebDriver BiDi listening on ws://127.0.0.1:37041
1667234751865	RemoteAgent	WARN	TLS certificate errors will be ignored for this session
console.warn: SearchSettings: "get: No settings file exists, new profile?" (new NotFoundError("Could not open the file at C:\\Users\\dell\\AppData\\Local\\Temp\\rust_mozprofileOQkcHc\\search.json.mozlz4", (void 0)))
DevTools listening on ws://127.0.0.1:37041/devtools/browser/c9878552-193c-4894-9ba2-a03824fedbc2
JavaScript error: https://cdn.ad.plus/player/adplus.js, line 402: TypeError: e(...).setup is not a function
JavaScript warning: https://pagead2.googlesyndication.com/bg/vLbRz7g6TQ5oo3iSl-9A8cc-tNTKSUSKynQIdvKxkcY.js line 2 > eval line 5387 > eval line 1 > eval line 1 > eval, line 1: WEBGL_debug_renderer_info is deprecated in Firefox and will be removed. Please use RENDERER.
1667234769286	Marionette	WARN	TimedPromise timed out after 500 ms: stacktrace:
TimedPromise/<@chrome://remote/content/marionette/sync.js:236:24
TimedPromise@chrome://remote/content/marionette/sync.js:221:10
interaction.flushEventLoop@chrome://remote/content/marionette/interaction.js:431:10
webdriverClickElement@chrome://remote/content/marionette/interaction.js:179:31
1667234770423	Marionette	WARN	TimedPromise timed out after 500 ms: stacktrace:
TimedPromise/<@chrome://remote/content/marionette/sync.js:236:24
TimedPromise@chrome://remote/content/marionette/sync.js:221:10
interaction.flushEventLoop@chrome://remote/content/marionette/interaction.js:431:10
webdriverClickElement@chrome://remote/content/marionette/interaction.js:179:31
1667234771574	Marionette	WARN	TimedPromise timed out after 500 ms: stacktrace:
TimedPromise/<@chrome://remote/content/marionette/sync.js:236:24
TimedPromise@chrome://remote/content/marionette/sync.js:221:10
interaction.flushEventLoop@chrome://remote/content/marionette/interaction.js:431:10
webdriverClickElement@chrome://remote/content/marionette/interaction.js:179:31
1667234773434	Marionette	INFO	Stopped listening on port 2936
JavaScript error: resource://gre/modules/Sqlite.jsm, line 1108: Error: Sqlite.jsm has been shutdown. Cannot open connection to: C:\Users\dell\AppData\Local\Temp\rust_mozprofileOQkcHc\protections.sqlite
1667234779028	geckodriver	INFO	Listening on 127.0.0.1:43989
1667234779495	mozrunner::runner	INFO	Running command: "C:\\Program Files\\Mozilla Firefox\\firefox.exe" "--marionette" "--remote-debugging-port" "23285" "--remote-allow-hosts" "localhost" "--remote-allow-origins" "http://127.0.0.1:23285/,http://localhost:23285/,http://[::1]:23285/" "-no-remote" "-profile" "C:\\Users\\dell\\AppData\\Local\\Temp\\rust_mozprofileoOKRWx"
1667234780168	Marionette	INFO	Marionette enabled
1667234780175	Marionette	INFO	Listening on port 3142
Read port: 3142
WebDriver BiDi listening on ws://127.0.0.1:23285
1667234780404	RemoteAgent	WARN	TLS certificate errors will be ignored for this session
console.warn: SearchSettings: "get: No settings file exists, new profile?" (new NotFoundError("Could not open the file at C:\\Users\\dell\\AppData\\Local\\Temp\\rust_mozprofileoOKRWx\\search.json.mozlz4", (void 0)))
DevTools listening on ws://127.0.0.1:23285/devtools/browser/bd1022a9-d308-4a55-a3ca-d726f9c6bc97
JavaScript error: https://cdn.ad.plus/player/adplus.js, line 402: TypeError: e(...).setup is not a function
JavaScript warning: https://pagead2.googlesyndication.com/bg/vLbRz7g6TQ5oo3iSl-9A8cc-tNTKSUSKynQIdvKxkcY.js line 2 > eval line 202 > eval line 1 > eval line 1 > eval, line 1: WEBGL_debug_renderer_info is deprecated in Firefox and will be removed. Please use RENDERER.
1667234805970	Marionette	WARN	TimedPromise timed out after 500 ms: stacktrace:
TimedPromise/<@chrome://remote/content/marionette/sync.js:236:24
TimedPromise@chrome://remote/content/marionette/sync.js:221:10
interaction.flushEventLoop@chrome://remote/content/marionette/interaction.js:431:10
webdriverClickElement@chrome://remote/content/marionette/interaction.js:179:31
1667234807473	Marionette	WARN	TimedPromise timed out after 500 ms: stacktrace:
TimedPromise/<@chrome://remote/content/marionette/sync.js:236:24
TimedPromise@chrome://remote/content/marionette/sync.js:221:10
interaction.flushEventLoop@chrome://remote/content/marionette/interaction.js:431:10
webdriverClickElement@chrome://remote/content/marionette/interaction.js:179:31
1667234808241	Marionette	WARN	TimedPromise timed out after 500 ms: stacktrace:
TimedPromise/<@chrome://remote/content/marionette/sync.js:236:24
TimedPromise@chrome://remote/content/marionette/sync.js:221:10
interaction.flushEventLoop@chrome://remote/content/marionette/interaction.js:431:10
webdriverClickElement@chrome://remote/content/marionette/interaction.js:179:31
1667234809023	Marionette	WARN	TimedPromise timed out after 500 ms: stacktrace:
TimedPromise/<@chrome://remote/content/marionette/sync.js:236:24
TimedPromise@chrome://remote/content/marionette/sync.js:221:10
interaction.flushEventLoop@chrome://remote/content/marionette/interaction.js:431:10
webdriverClickElement@chrome://remote/content/marionette/interaction.js:179:31
console.warn: LoginRecipes: "Falling back to a synchronous message for: https://demoqa.com."
1667234810361	Marionette	INFO	Stopped listening on port 3142
JavaScript error: resource://gre/modules/Sqlite.jsm, line 1108: Error: Sqlite.jsm has been shutdown. Cannot open connection to: C:\Users\dell\AppData\Local\Temp\rust_mozprofileoOKRWx\protections.sqlite
1667234816054	geckodriver	INFO	Listening on 127.0.0.1:39673
1667234816369	mozrunner::runner	INFO	Running command: "C:\\Program Files\\Mozilla Firefox\\firefox.exe" "--marionette" "--remote-debugging-port" "41169" "--remote-allow-hosts" "localhost" "--remote-allow-origins" "http://127.0.0.1:41169/,http://localhost:41169/,http://[::1]:41169/" "-no-remote" "-profile" "C:\\Users\\dell\\AppData\\Local\\Temp\\rust_mozprofile1FR6KR"
1667234816828	Marionette	INFO	Marionette enabled
1667234816835	Marionette	INFO	Listening on port 3355
Read port: 3355
WebDriver BiDi listening on ws://127.0.0.1:41169
1667234817041	RemoteAgent	WARN	TLS certificate errors will be ignored for this session
console.warn: SearchSettings: "get: No settings file exists, new profile?" (new NotFoundError("Could not open the file at C:\\Users\\dell\\AppData\\Local\\Temp\\rust_mozprofile1FR6KR\\search.json.mozlz4", (void 0)))
DevTools listening on ws://127.0.0.1:41169/devtools/browser/aa54b6e6-43d0-49ed-99b2-8884315b00ac
JavaScript error: https://cdn.ad.plus/player/adplus.js, line 402: TypeError: e(...).setup is not a function
JavaScript warning: https://pagead2.googlesyndication.com/bg/vLbRz7g6TQ5oo3iSl-9A8cc-tNTKSUSKynQIdvKxkcY.js line 2 > eval line 5662 > eval line 1 > eval line 1 > eval, line 1: WEBGL_debug_renderer_info is deprecated in Firefox and will be removed. Please use RENDERER.
1667234828469	Marionette	WARN	TimedPromise timed out after 500 ms: stacktrace:
TimedPromise/<@chrome://remote/content/marionette/sync.js:236:24
TimedPromise@chrome://remote/content/marionette/sync.js:221:10
interaction.flushEventLoop@chrome://remote/content/marionette/interaction.js:431:10
webdriverClickElement@chrome://remote/content/marionette/interaction.js:179:31
1667234830318	Marionette	WARN	TimedPromise timed out after 500 ms: stacktrace:
TimedPromise/<@chrome://remote/content/marionette/sync.js:236:24
TimedPromise@chrome://remote/content/marionette/sync.js:221:10
interaction.flushEventLoop@chrome://remote/content/marionette/interaction.js:431:10
webdriverClickElement@chrome://remote/content/marionette/interaction.js:179:31
1667234831106	Marionette	WARN	TimedPromise timed out after 500 ms: stacktrace:
TimedPromise/<@chrome://remote/content/marionette/sync.js:236:24
TimedPromise@chrome://remote/content/marionette/sync.js:221:10
interaction.flushEventLoop@chrome://remote/content/marionette/interaction.js:431:10
webdriverClickElement@chrome://remote/content/marionette/interaction.js:179:31
1667234832556	Marionette	INFO	Stopped listening on port 3355
JavaScript error: resource://gre/modules/Sqlite.jsm, line 1108: Error: Sqlite.jsm has been shutdown. Cannot open connection to: C:\Users\dell\AppData\Local\Temp\rust_mozprofile1FR6KR\protections.sqlite
1667234838035	geckodriver	INFO	Listening on 127.0.0.1:3948
1667234838508	mozrunner::runner	INFO	Running command: "C:\\Program Files\\Mozilla Firefox\\firefox.exe" "--marionette" "--remote-debugging-port" "5523" "--remote-allow-hosts" "localhost" "--remote-allow-origins" "http://127.0.0.1:5523/,http://localhost:5523/,http://[::1]:5523/" "-no-remote" "-profile" "C:\\Users\\dell\\AppData\\Local\\Temp\\rust_mozprofileoZURtK"
1667234839018	Marionette	INFO	Marionette enabled
1667234839026	Marionette	INFO	Listening on port 3467
Read port: 3467
WebDriver BiDi listening on ws://127.0.0.1:5523
1667234839229	RemoteAgent	WARN	TLS certificate errors will be ignored for this session
console.warn: SearchSettings: "get: No settings file exists, new profile?" (new NotFoundError("Could not open the file at C:\\Users\\dell\\AppData\\Local\\Temp\\rust_mozprofileoZURtK\\search.json.mozlz4", (void 0)))
DevTools listening on ws://127.0.0.1:5523/devtools/browser/16f21d93-c983-4359-beb4-137b4420a602
JavaScript error: https://cdn.ad.plus/player/adplus.js, line 402: TypeError: e(...).setup is not a function
JavaScript warning: https://pagead2.googlesyndication.com/bg/vLbRz7g6TQ5oo3iSl-9A8cc-tNTKSUSKynQIdvKxkcY.js line 2 > eval line 339 > eval line 1 > eval line 1 > eval, line 1: WEBGL_debug_renderer_info is deprecated in Firefox and will be removed. Please use RENDERER.
1667234849194	Marionette	WARN	TimedPromise timed out after 500 ms: stacktrace:
TimedPromise/<@chrome://remote/content/marionette/sync.js:236:24
TimedPromise@chrome://remote/content/marionette/sync.js:221:10
interaction.flushEventLoop@chrome://remote/content/marionette/interaction.js:431:10
webdriverClickElement@chrome://remote/content/marionette/interaction.js:179:31
1667234850021	Marionette	WARN	TimedPromise timed out after 500 ms: stacktrace:
TimedPromise/<@chrome://remote/content/marionette/sync.js:236:24
TimedPromise@chrome://remote/content/marionette/sync.js:221:10
interaction.flushEventLoop@chrome://remote/content/marionette/interaction.js:431:10
webdriverClickElement@chrome://remote/content/marionette/interaction.js:179:31
1667234851203	Marionette	WARN	TimedPromise timed out after 500 ms: stacktrace:
TimedPromise/<@chrome://remote/content/marionette/sync.js:236:24
TimedPromise@chrome://remote/content/marionette/sync.js:221:10
interaction.flushEventLoop@chrome://remote/content/marionette/interaction.js:431:10
webdriverClickElement@chrome://remote/content/marionette/interaction.js:179:31
1667234851962	Marionette	WARN	TimedPromise timed out after 500 ms: stacktrace:
TimedPromise/<@chrome://remote/content/marionette/sync.js:236:24
TimedPromise@chrome://remote/content/marionette/sync.js:221:10
interaction.flushEventLoop@chrome://remote/content/marionette/interaction.js:431:10
webdriverClickElement@chrome://remote/content/marionette/interaction.js:179:31
1667234852790	Marionette	WARN	TimedPromise timed out after 500 ms: stacktrace:
TimedPromise/<@chrome://remote/content/marionette/sync.js:236:24
TimedPromise@chrome://remote/content/marionette/sync.js:221:10
interaction.flushEventLoop@chrome://remote/content/marionette/interaction.js:431:10
webdriverClickElement@chrome://remote/content/marionette/interaction.js:179:31
console.warn: LoginRecipes: "Falling back to a synchronous message for: https://demoqa.com."
1667234856140	Marionette	INFO	Stopped listening on port 3467
JavaScript error: resource://gre/modules/Sqlite.jsm, line 1108: Error: Sqlite.jsm has been shutdown. Cannot open connection to: C:\Users\dell\AppData\Local\Temp\rust_mozprofileoZURtK\protections.sqlite
]]></system-err>
</testsuite>
